Arguments: 
  /usr/local/Cellar/node/14.4.0/bin/node /usr/local/bin/yarn add -D babel-core babel-plugin-external-helpers babel-preset-env rollup rollup-plugin-babel rollup-plugin-commonjs rollup-plugin-node-resolve

PATH: 
  /Users/vannsl/.rbenv/shims:/Users/vannsl/.rbenv/bin:/Users/vannsl/tlc/tlc-dev/zage/bin/dev:/usr/local/bin:/usr/local/bin:/usr/bin:/bin:/usr/sbin:/sbin:/Library/Apple/usr/bin

Yarn version: 
  1.22.5

Node version: 
  14.4.0

Platform: 
  darwin x64

Trace: 
  SyntaxError: /Users/vannsl/projects/vue-3-sanitize/package.json: Unexpected end of JSON input
      at JSON.parse (<anonymous>)
      at /usr/local/lib/node_modules/yarn/lib/cli.js:1625:59
      at Generator.next (<anonymous>)
      at step (/usr/local/lib/node_modules/yarn/lib/cli.js:310:30)
      at /usr/local/lib/node_modules/yarn/lib/cli.js:321:13

npm manifest: 
  

yarn manifest: 
  No manifest

Lockfile: 
  No lockfile
